<?xml version="1.0" encoding="UTF-8"?>
<!-- Generated by org.testng.reporters.JUnitReportReporter -->
<testsuite skipped="0" hostname="Islams-MacBook-Air.local" name="com.Baims.testcases.LoginPageTest" tests="1" failures="0" timestamp="2022-05-04T19:11:24 EET" time="36.395" errors="0">
  <testcase name="checkForgotPasswordFunctionality" time="36.395" classname="com.Baims.testcases.LoginPageTest"/>
  <system-out/>
</testsuite> <!-- com.Baims.testcases.LoginPageTest -->
